{"src\\FoundersVesting.sol":{"l":{"21":1,"22":1,"23":1,"31":5,"32":2,"35":3,"36":3,"37":0,"40":3,"41":3,"42":1,"45":2},"path":"C:\\Users\\umutc\\OneDrive\\Belgeler\\IndexFlow\\contracts\\src\\FoundersVesting.sol","s":{"1":1,"2":1,"3":5,"4":2,"5":3,"6":3,"7":0,"8":3,"9":3,"10":1,"11":2},"b":{"1":[1,0],"2":[1,0],"3":[2,3],"4":[0,3],"5":[1,2]},"f":{"1":1,"2":5},"fnMap":{"1":{"name":"constructor","line":19,"loc":{"start":{"line":14,"column":4},"end":{"line":24,"column":4}}},"2":{"name":"_vestingSchedule","line":27,"loc":{"start":{"line":27,"column":4},"end":{"line":46,"column":4}}}},"statementMap":{"1":{"start":{"line":21,"column":8},"end":{"line":21,"column":67}},"2":{"start":{"line":22,"column":8},"end":{"line":22,"column":76}},"3":{"start":{"line":31,"column":8},"end":{"line":31,"column":1175}},"4":{"start":{"line":32,"column":12},"end":{"line":32,"column":20}},"5":{"start":{"line":35,"column":8},"end":{"line":35,"column":52}},"6":{"start":{"line":36,"column":8},"end":{"line":36,"column":1298}},"7":{"start":{"line":37,"column":12},"end":{"line":37,"column":20}},"8":{"start":{"line":40,"column":8},"end":{"line":40,"column":54}},"9":{"start":{"line":41,"column":8},"end":{"line":41,"column":1426}},"10":{"start":{"line":42,"column":12},"end":{"line":42,"column":34}},"11":{"start":{"line":45,"column":8},"end":{"line":45,"column":72}}},"branchMap":{"1":{"line":21,"type":"if","locations":[{"start":{"line":21,"column":8},"end":{"line":21,"column":8}},{"start":{"line":21,"column":8},"end":{"line":21,"column":8}}]},"2":{"line":22,"type":"if","locations":[{"start":{"line":22,"column":8},"end":{"line":22,"column":8}},{"start":{"line":22,"column":8},"end":{"line":22,"column":8}}]},"3":{"line":31,"type":"if","locations":[{"start":{"line":31,"column":8},"end":{"line":31,"column":8}},{"start":{"line":31,"column":8},"end":{"line":31,"column":8}}]},"4":{"line":36,"type":"if","locations":[{"start":{"line":36,"column":8},"end":{"line":36,"column":8}},{"start":{"line":36,"column":8},"end":{"line":36,"column":8}}]},"5":{"line":41,"type":"if","locations":[{"start":{"line":41,"column":8},"end":{"line":41,"column":8}},{"start":{"line":41,"column":8},"end":{"line":41,"column":8}}]}}},"src\\IndexFlowRewards.sol":{"l":{"70":1,"71":1,"72":1,"73":1,"75":1,"76":1,"77":1,"78":1,"79":1,"81":1,"89":3,"90":2,"91":2,"92":2,"93":2,"97":2,"98":1,"99":1,"103":1,"107":1,"111":2,"112":2,"113":2,"122":3,"123":3,"124":3,"125":3,"127":3,"132":2,"137":1,"142":1,"148":1,"149":1,"151":1,"153":1,"154":1,"155":1,"158":1,"166":1},"path":"C:\\Users\\umutc\\OneDrive\\Belgeler\\IndexFlow\\contracts\\src\\IndexFlowRewards.sol","s":{"1":1,"2":1,"3":1,"4":1,"5":1,"6":3,"7":2,"8":2,"9":1,"10":1,"11":1,"12":2,"13":2,"14":2,"15":3,"16":3,"17":3,"18":3,"19":3,"20":2,"21":1,"22":1,"23":1,"24":1,"25":1,"26":1,"27":1,"28":1,"29":1},"b":{"1":[1,0],"2":[1,0],"3":[1,0],"4":[1,0],"5":[3,0],"6":[2,1],"7":[2,0],"8":[1,1],"9":[1,1],"10":[1,0],"11":[2,1],"12":[2,0],"13":[2,0],"14":[3,0],"15":[3,0],"16":[3,0],"17":[3,0],"18":[3,0],"19":[3,0],"20":[3,0],"21":[2,1],"22":[1,1],"23":[1,0],"24":[1,0]},"f":{"1":1,"2":3,"3":2,"4":1,"5":1,"6":2,"7":3},"fnMap":{"1":{"name":"constructor","line":62,"loc":{"start":{"line":62,"column":4},"end":{"line":82,"column":4}}},"2":{"name":"setParameters","line":88,"loc":{"start":{"line":84,"column":4},"end":{"line":94,"column":4}}},"3":{"name":"setStaking","line":96,"loc":{"start":{"line":96,"column":4},"end":{"line":100,"column":4}}},"4":{"name":"pause","line":102,"loc":{"start":{"line":102,"column":4},"end":{"line":104,"column":4}}},"5":{"name":"unpause","line":106,"loc":{"start":{"line":106,"column":4},"end":{"line":108,"column":4}}},"6":{"name":"fundRewardPool","line":110,"loc":{"start":{"line":110,"column":4},"end":{"line":114,"column":4}}},"7":{"name":"submitProof","line":120,"loc":{"start":{"line":116,"column":4},"end":{"line":167,"column":4}}}},"statementMap":{"1":{"start":{"line":70,"column":8},"end":{"line":70,"column":64}},"2":{"start":{"line":71,"column":8},"end":{"line":71,"column":62}},"3":{"start":{"line":72,"column":8},"end":{"line":72,"column":48}},"4":{"start":{"line":73,"column":8},"end":{"line":73,"column":70}},"5":{"start":{"line":81,"column":8},"end":{"line":81,"column":44}},"6":{"start":{"line":89,"column":8},"end":{"line":89,"column":66}},"7":{"start":{"line":93,"column":8},"end":{"line":93,"column":96}},"8":{"start":{"line":97,"column":8},"end":{"line":97,"column":64}},"9":{"start":{"line":99,"column":8},"end":{"line":99,"column":56}},"10":{"start":{"line":103,"column":8},"end":{"line":103,"column":15}},"11":{"start":{"line":107,"column":8},"end":{"line":107,"column":17}},"12":{"start":{"line":111,"column":8},"end":{"line":111,"column":40}},"13":{"start":{"line":112,"column":8},"end":{"line":112,"column":72}},"14":{"start":{"line":113,"column":8},"end":{"line":113,"column":51}},"15":{"start":{"line":122,"column":8},"end":{"line":122,"column":57}},"16":{"start":{"line":123,"column":8},"end":{"line":123,"column":68}},"17":{"start":{"line":124,"column":8},"end":{"line":124,"column":51}},"18":{"start":{"line":125,"column":8},"end":{"line":125,"column":59}},"19":{"start":{"line":127,"column":8},"end":{"line":127,"column":4472}},"20":{"start":{"line":132,"column":8},"end":{"line":132,"column":4613}},"21":{"start":{"line":137,"column":8},"end":{"line":137,"column":4744}},"22":{"start":{"line":148,"column":8},"end":{"line":148,"column":85}},"23":{"start":{"line":149,"column":8},"end":{"line":149,"column":67}},"24":{"start":{"line":151,"column":8},"end":{"line":151,"column":61}},"25":{"start":{"line":153,"column":8},"end":{"line":153,"column":5285}},"26":{"start":{"line":154,"column":12},"end":{"line":154,"column":78}},"27":{"start":{"line":155,"column":12},"end":{"line":155,"column":63}},"28":{"start":{"line":158,"column":8},"end":{"line":158,"column":5478}},"29":{"start":{"line":166,"column":8},"end":{"line":166,"column":82}}},"branchMap":{"1":{"line":70,"type":"if","locations":[{"start":{"line":70,"column":8},"end":{"line":70,"column":8}},{"start":{"line":70,"column":8},"end":{"line":70,"column":8}}]},"2":{"line":71,"type":"if","locations":[{"start":{"line":71,"column":8},"end":{"line":71,"column":8}},{"start":{"line":71,"column":8},"end":{"line":71,"column":8}}]},"3":{"line":72,"type":"if","locations":[{"start":{"line":72,"column":8},"end":{"line":72,"column":8}},{"start":{"line":72,"column":8},"end":{"line":72,"column":8}}]},"4":{"line":73,"type":"if","locations":[{"start":{"line":73,"column":8},"end":{"line":73,"column":8}},{"start":{"line":73,"column":8},"end":{"line":73,"column":8}}]},"5":{"line":88,"type":"if","locations":[{"start":{"line":88,"column":15},"end":{"line":88,"column":15}},{"start":{"line":88,"column":15},"end":{"line":88,"column":15}}]},"6":{"line":89,"type":"if","locations":[{"start":{"line":89,"column":8},"end":{"line":89,"column":8}},{"start":{"line":89,"column":8},"end":{"line":89,"column":8}}]},"7":{"line":96,"type":"if","locations":[{"start":{"line":96,"column":63},"end":{"line":96,"column":63}},{"start":{"line":96,"column":63},"end":{"line":96,"column":63}}]},"8":{"line":97,"type":"if","locations":[{"start":{"line":97,"column":8},"end":{"line":97,"column":8}},{"start":{"line":97,"column":8},"end":{"line":97,"column":8}}]},"9":{"line":102,"type":"if","locations":[{"start":{"line":102,"column":30},"end":{"line":102,"column":30}},{"start":{"line":102,"column":30},"end":{"line":102,"column":30}}]},"10":{"line":106,"type":"if","locations":[{"start":{"line":106,"column":32},"end":{"line":106,"column":32}},{"start":{"line":106,"column":32},"end":{"line":106,"column":32}}]},"11":{"line":110,"type":"if","locations":[{"start":{"line":110,"column":53},"end":{"line":110,"column":53}},{"start":{"line":110,"column":53},"end":{"line":110,"column":53}}]},"12":{"line":110,"type":"if","locations":[{"start":{"line":110,"column":67},"end":{"line":110,"column":67}},{"start":{"line":110,"column":67},"end":{"line":110,"column":67}}]},"13":{"line":111,"type":"if","locations":[{"start":{"line":111,"column":8},"end":{"line":111,"column":8}},{"start":{"line":111,"column":8},"end":{"line":111,"column":8}}]},"14":{"line":118,"type":"if","locations":[{"start":{"line":118,"column":8},"end":{"line":118,"column":8}},{"start":{"line":118,"column":8},"end":{"line":118,"column":8}}]},"15":{"line":119,"type":"if","locations":[{"start":{"line":119,"column":8},"end":{"line":119,"column":8}},{"start":{"line":119,"column":8},"end":{"line":119,"column":8}}]},"16":{"line":120,"type":"if","locations":[{"start":{"line":120,"column":8},"end":{"line":120,"column":8}},{"start":{"line":120,"column":8},"end":{"line":120,"column":8}}]},"17":{"line":122,"type":"if","locations":[{"start":{"line":122,"column":8},"end":{"line":122,"column":8}},{"start":{"line":122,"column":8},"end":{"line":122,"column":8}}]},"18":{"line":123,"type":"if","locations":[{"start":{"line":123,"column":8},"end":{"line":123,"column":8}},{"start":{"line":123,"column":8},"end":{"line":123,"column":8}}]},"19":{"line":124,"type":"if","locations":[{"start":{"line":124,"column":8},"end":{"line":124,"column":8}},{"start":{"line":124,"column":8},"end":{"line":124,"column":8}}]},"20":{"line":125,"type":"if","locations":[{"start":{"line":125,"column":8},"end":{"line":125,"column":8}},{"start":{"line":125,"column":8},"end":{"line":125,"column":8}}]},"21":{"line":127,"type":"if","locations":[{"start":{"line":127,"column":8},"end":{"line":127,"column":8}},{"start":{"line":127,"column":8},"end":{"line":127,"column":8}}]},"22":{"line":132,"type":"if","locations":[{"start":{"line":132,"column":8},"end":{"line":132,"column":8}},{"start":{"line":132,"column":8},"end":{"line":132,"column":8}}]},"23":{"line":137,"type":"if","locations":[{"start":{"line":137,"column":8},"end":{"line":137,"column":8}},{"start":{"line":137,"column":8},"end":{"line":137,"column":8}}]},"24":{"line":153,"type":"if","locations":[{"start":{"line":153,"column":8},"end":{"line":153,"column":8}},{"start":{"line":153,"column":8},"end":{"line":153,"column":8}}]}}},"src\\IndexFlowStaking.sol":{"l":{"44":1,"45":1,"47":1,"48":1,"49":1,"51":1,"55":1,"59":1,"63":2,"67":1,"71":1,"75":1,"79":4,"81":4,"83":4,"84":4,"85":4,"87":4,"88":3,"90":4,"92":4,"96":0,"97":0,"99":0,"100":0,"103":0,"105":0,"106":0,"108":0,"109":0,"113":2,"114":2,"115":2,"116":2,"117":2,"118":2,"122":2,"123":2,"125":2,"126":2,"127":0,"128":0,"131":2,"132":1,"133":1,"134":1,"137":1,"138":1,"142":9,"143":9,"144":1,"146":9,"152":6,"153":1,"154":1,"157":6,"158":6,"159":6},"path":"C:\\Users\\umutc\\OneDrive\\Belgeler\\IndexFlow\\contracts\\src\\IndexFlowStaking.sol","s":{"1":1,"2":1,"3":1,"4":2,"5":1,"6":1,"7":1,"8":4,"9":4,"10":4,"11":4,"12":3,"13":4,"14":0,"15":0,"16":0,"17":0,"18":0,"19":0,"20":0,"21":2,"22":2,"23":2,"24":2,"25":2,"26":2,"27":2,"28":2,"29":2,"30":2,"31":1,"32":1,"33":1,"34":9,"35":9,"36":9,"37":6,"38":6},"b":{"1":[1,0],"2":[1,0],"3":[1,0],"4":[1,0],"5":[2,0],"6":[1,0],"7":[1,0],"8":[1,0],"9":[4,1],"10":[4,0],"11":[4,0],"12":[3,1],"13":[3,0],"14":[0,0],"15":[0,0],"16":[0,0],"17":[0,0],"18":[0,0],"19":[0,0],"20":[2,0],"21":[2,0],"22":[2,0],"23":[2,0],"24":[2,0],"25":[2,0],"26":[2,0],"27":[0,2],"28":[1,1],"29":[1,8],"30":[1,5],"31":[6,0]},"f":{"1":1,"2":1,"3":1,"4":2,"5":1,"6":1,"7":1,"8":4,"9":0,"10":2,"11":2,"12":9,"13":6},"fnMap":{"1":{"name":"constructor","line":38,"loc":{"start":{"line":38,"column":4},"end":{"line":52,"column":4}}},"2":{"name":"setMinimumStake","line":54,"loc":{"start":{"line":54,"column":4},"end":{"line":56,"column":4}}},"3":{"name":"setLockPeriod","line":58,"loc":{"start":{"line":58,"column":4},"end":{"line":60,"column":4}}},"4":{"name":"grantRewardDistributor","line":62,"loc":{"start":{"line":62,"column":4},"end":{"line":64,"column":4}}},"5":{"name":"revokeRewardDistributor","line":66,"loc":{"start":{"line":66,"column":4},"end":{"line":68,"column":4}}},"6":{"name":"pause","line":70,"loc":{"start":{"line":70,"column":4},"end":{"line":72,"column":4}}},"7":{"name":"unpause","line":74,"loc":{"start":{"line":74,"column":4},"end":{"line":76,"column":4}}},"8":{"name":"stake","line":78,"loc":{"start":{"line":78,"column":4},"end":{"line":93,"column":4}}},"9":{"name":"unstake","line":95,"loc":{"start":{"line":95,"column":4},"end":{"line":110,"column":4}}},"10":{"name":"claimRewards","line":112,"loc":{"start":{"line":112,"column":4},"end":{"line":119,"column":4}}},"11":{"name":"notifyReward","line":121,"loc":{"start":{"line":121,"column":4},"end":{"line":139,"column":4}}},"12":{"name":"earned","line":141,"loc":{"start":{"line":141,"column":4},"end":{"line":149,"column":4}}},"13":{"name":"_updateReward","line":151,"loc":{"start":{"line":151,"column":4},"end":{"line":161,"column":4}}}},"statementMap":{"1":{"start":{"line":44,"column":8},"end":{"line":44,"column":57}},"2":{"start":{"line":45,"column":8},"end":{"line":45,"column":48}},"3":{"start":{"line":51,"column":8},"end":{"line":51,"column":44}},"4":{"start":{"line":63,"column":8},"end":{"line":63,"column":55}},"5":{"start":{"line":67,"column":8},"end":{"line":67,"column":56}},"6":{"start":{"line":71,"column":8},"end":{"line":71,"column":15}},"7":{"start":{"line":75,"column":8},"end":{"line":75,"column":17}},"8":{"start":{"line":79,"column":8},"end":{"line":79,"column":40}},"9":{"start":{"line":81,"column":8},"end":{"line":81,"column":34}},"10":{"start":{"line":85,"column":8},"end":{"line":85,"column":73}},"11":{"start":{"line":87,"column":8},"end":{"line":87,"column":3153}},"12":{"start":{"line":88,"column":12},"end":{"line":88,"column":74}},"13":{"start":{"line":92,"column":8},"end":{"line":92,"column":65}},"14":{"start":{"line":96,"column":8},"end":{"line":96,"column":40}},"15":{"start":{"line":97,"column":8},"end":{"line":97,"column":71}},"16":{"start":{"line":99,"column":8},"end":{"line":99,"column":3600}},"17":{"start":{"line":100,"column":12},"end":{"line":100,"column":99}},"18":{"start":{"line":103,"column":8},"end":{"line":103,"column":34}},"19":{"start":{"line":108,"column":8},"end":{"line":108,"column":54}},"20":{"start":{"line":109,"column":8},"end":{"line":109,"column":67}},"21":{"start":{"line":113,"column":8},"end":{"line":113,"column":34}},"22":{"start":{"line":114,"column":8},"end":{"line":114,"column":46}},"23":{"start":{"line":115,"column":8},"end":{"line":115,"column":44}},"24":{"start":{"line":117,"column":8},"end":{"line":117,"column":54}},"25":{"start":{"line":118,"column":8},"end":{"line":118,"column":42}},"26":{"start":{"line":122,"column":8},"end":{"line":122,"column":40}},"27":{"start":{"line":123,"column":8},"end":{"line":123,"column":73}},"28":{"start":{"line":125,"column":8},"end":{"line":125,"column":38}},"29":{"start":{"line":126,"column":8},"end":{"line":126,"column":4620}},"30":{"start":{"line":131,"column":8},"end":{"line":131,"column":4742}},"31":{"start":{"line":133,"column":12},"end":{"line":133,"column":53}},"32":{"start":{"line":134,"column":12},"end":{"line":134,"column":18}},"33":{"start":{"line":138,"column":8},"end":{"line":138,"column":76}},"34":{"start":{"line":142,"column":8},"end":{"line":142,"column":61}},"35":{"start":{"line":143,"column":8},"end":{"line":143,"column":5203}},"36":{"start":{"line":146,"column":8},"end":{"line":146,"column":5375}},"37":{"start":{"line":152,"column":8},"end":{"line":152,"column":5578}},"38":{"start":{"line":157,"column":8},"end":{"line":157,"column":5761}}},"branchMap":{"1":{"line":44,"type":"if","locations":[{"start":{"line":44,"column":8},"end":{"line":44,"column":8}},{"start":{"line":44,"column":8},"end":{"line":44,"column":8}}]},"2":{"line":45,"type":"if","locations":[{"start":{"line":45,"column":8},"end":{"line":45,"column":8}},{"start":{"line":45,"column":8},"end":{"line":45,"column":8}}]},"3":{"line":54,"type":"if","locations":[{"start":{"line":54,"column":63},"end":{"line":54,"column":63}},{"start":{"line":54,"column":63},"end":{"line":54,"column":63}}]},"4":{"line":58,"type":"if","locations":[{"start":{"line":58,"column":59},"end":{"line":58,"column":59}},{"start":{"line":58,"column":59},"end":{"line":58,"column":59}}]},"5":{"line":62,"type":"if","locations":[{"start":{"line":62,"column":66},"end":{"line":62,"column":66}},{"start":{"line":62,"column":66},"end":{"line":62,"column":66}}]},"6":{"line":66,"type":"if","locations":[{"start":{"line":66,"column":67},"end":{"line":66,"column":67}},{"start":{"line":66,"column":67},"end":{"line":66,"column":67}}]},"7":{"line":70,"type":"if","locations":[{"start":{"line":70,"column":30},"end":{"line":70,"column":30}},{"start":{"line":70,"column":30},"end":{"line":70,"column":30}}]},"8":{"line":74,"type":"if","locations":[{"start":{"line":74,"column":32},"end":{"line":74,"column":32}},{"start":{"line":74,"column":32},"end":{"line":74,"column":32}}]},"9":{"line":78,"type":"if","locations":[{"start":{"line":78,"column":44},"end":{"line":78,"column":44}},{"start":{"line":78,"column":44},"end":{"line":78,"column":44}}]},"10":{"line":78,"type":"if","locations":[{"start":{"line":78,"column":58},"end":{"line":78,"column":58}},{"start":{"line":78,"column":58},"end":{"line":78,"column":58}}]},"11":{"line":79,"type":"if","locations":[{"start":{"line":79,"column":8},"end":{"line":79,"column":8}},{"start":{"line":79,"column":8},"end":{"line":79,"column":8}}]},"12":{"line":87,"type":"if","locations":[{"start":{"line":87,"column":8},"end":{"line":87,"column":8}},{"start":{"line":87,"column":8},"end":{"line":87,"column":8}}]},"13":{"line":88,"type":"if","locations":[{"start":{"line":88,"column":12},"end":{"line":88,"column":12}},{"start":{"line":88,"column":12},"end":{"line":88,"column":12}}]},"14":{"line":95,"type":"if","locations":[{"start":{"line":95,"column":46},"end":{"line":95,"column":46}},{"start":{"line":95,"column":46},"end":{"line":95,"column":46}}]},"15":{"line":95,"type":"if","locations":[{"start":{"line":95,"column":60},"end":{"line":95,"column":60}},{"start":{"line":95,"column":60},"end":{"line":95,"column":60}}]},"16":{"line":96,"type":"if","locations":[{"start":{"line":96,"column":8},"end":{"line":96,"column":8}},{"start":{"line":96,"column":8},"end":{"line":96,"column":8}}]},"17":{"line":97,"type":"if","locations":[{"start":{"line":97,"column":8},"end":{"line":97,"column":8}},{"start":{"line":97,"column":8},"end":{"line":97,"column":8}}]},"18":{"line":99,"type":"if","locations":[{"start":{"line":99,"column":8},"end":{"line":99,"column":8}},{"start":{"line":99,"column":8},"end":{"line":99,"column":8}}]},"19":{"line":100,"type":"if","locations":[{"start":{"line":100,"column":12},"end":{"line":100,"column":12}},{"start":{"line":100,"column":12},"end":{"line":100,"column":12}}]},"20":{"line":112,"type":"if","locations":[{"start":{"line":112,"column":37},"end":{"line":112,"column":37}},{"start":{"line":112,"column":37},"end":{"line":112,"column":37}}]},"21":{"line":112,"type":"if","locations":[{"start":{"line":112,"column":51},"end":{"line":112,"column":51}},{"start":{"line":112,"column":51},"end":{"line":112,"column":51}}]},"22":{"line":115,"type":"if","locations":[{"start":{"line":115,"column":8},"end":{"line":115,"column":8}},{"start":{"line":115,"column":8},"end":{"line":115,"column":8}}]},"23":{"line":121,"type":"if","locations":[{"start":{"line":121,"column":68},"end":{"line":121,"column":68}},{"start":{"line":121,"column":68},"end":{"line":121,"column":68}}]},"24":{"line":121,"type":"if","locations":[{"start":{"line":121,"column":82},"end":{"line":121,"column":82}},{"start":{"line":121,"column":82},"end":{"line":121,"column":82}}]},"25":{"line":121,"type":"if","locations":[{"start":{"line":121,"column":95},"end":{"line":121,"column":95}},{"start":{"line":121,"column":95},"end":{"line":121,"column":95}}]},"26":{"line":122,"type":"if","locations":[{"start":{"line":122,"column":8},"end":{"line":122,"column":8}},{"start":{"line":122,"column":8},"end":{"line":122,"column":8}}]},"27":{"line":126,"type":"if","locations":[{"start":{"line":126,"column":8},"end":{"line":126,"column":8}},{"start":{"line":126,"column":8},"end":{"line":126,"column":8}}]},"28":{"line":131,"type":"if","locations":[{"start":{"line":131,"column":8},"end":{"line":131,"column":8}},{"start":{"line":131,"column":8},"end":{"line":131,"column":8}}]},"29":{"line":143,"type":"if","locations":[{"start":{"line":143,"column":8},"end":{"line":143,"column":8}},{"start":{"line":143,"column":8},"end":{"line":143,"column":8}}]},"30":{"line":152,"type":"if","locations":[{"start":{"line":152,"column":8},"end":{"line":152,"column":8}},{"start":{"line":152,"column":8},"end":{"line":152,"column":8}}]},"31":{"line":157,"type":"if","locations":[{"start":{"line":157,"column":8},"end":{"line":157,"column":8}},{"start":{"line":157,"column":8},"end":{"line":157,"column":8}}]}}},"src\\IndexFlowToken.sol":{"l":{"39":1,"40":1,"42":1,"43":1,"44":1,"45":1,"47":1,"48":1,"49":1,"50":1,"51":1,"53":1,"57":1,"58":1,"59":1,"60":1,"61":1,"65":1,"69":1,"73":1,"77":1,"81":1,"82":1,"90":32,"99":0},"path":"C:\\Users\\umutc\\OneDrive\\Belgeler\\IndexFlow\\contracts\\src\\IndexFlowToken.sol","s":{"1":1,"2":1,"3":1,"4":1,"5":1,"6":1,"7":1,"8":1,"9":1,"10":1,"11":1,"12":1,"13":1,"14":1,"15":1,"16":1,"17":1,"18":1,"19":1,"20":1,"21":1,"22":1,"23":1,"24":32,"25":0},"b":{"1":[1,0],"2":[1,0],"3":[1,0],"4":[1,0],"5":[1,0],"6":[1,0],"7":[1,1],"8":[1,0],"9":[1,1],"10":[32,1]},"f":{"1":1,"2":1,"3":1,"4":1,"5":1,"6":1,"7":1,"8":32,"9":0},"fnMap":{"1":{"name":"constructor","line":37,"loc":{"start":{"line":35,"column":4},"end":{"line":54,"column":4}}},"2":{"name":"_validateDistribution","line":56,"loc":{"start":{"line":56,"column":4},"end":{"line":62,"column":4}}},"3":{"name":"pause","line":64,"loc":{"start":{"line":64,"column":4},"end":{"line":66,"column":4}}},"4":{"name":"unpause","line":68,"loc":{"start":{"line":68,"column":4},"end":{"line":70,"column":4}}},"5":{"name":"mint","line":72,"loc":{"start":{"line":72,"column":4},"end":{"line":74,"column":4}}},"6":{"name":"burn","line":76,"loc":{"start":{"line":76,"column":4},"end":{"line":78,"column":4}}},"7":{"name":"burnFrom","line":80,"loc":{"start":{"line":80,"column":4},"end":{"line":83,"column":4}}},"8":{"name":"_update","line":88,"loc":{"start":{"line":85,"column":4},"end":{"line":91,"column":4}}},"9":{"name":"nonces","line":93,"loc":{"start":{"line":93,"column":4},"end":{"line":100,"column":4}}}},"statementMap":{"1":{"start":{"line":39,"column":8},"end":{"line":39,"column":48}},"2":{"start":{"line":40,"column":8},"end":{"line":40,"column":42}},"3":{"start":{"line":42,"column":8},"end":{"line":42,"column":44}},"4":{"start":{"line":43,"column":8},"end":{"line":43,"column":37}},"5":{"start":{"line":44,"column":8},"end":{"line":44,"column":37}},"6":{"start":{"line":45,"column":8},"end":{"line":45,"column":58}},"7":{"start":{"line":47,"column":8},"end":{"line":47,"column":57}},"8":{"start":{"line":48,"column":8},"end":{"line":48,"column":49}},"9":{"start":{"line":49,"column":8},"end":{"line":49,"column":63}},"10":{"start":{"line":50,"column":8},"end":{"line":50,"column":54}},"11":{"start":{"line":51,"column":8},"end":{"line":51,"column":58}},"12":{"start":{"line":53,"column":8},"end":{"line":53,"column":62}},"13":{"start":{"line":57,"column":8},"end":{"line":57,"column":74}},"14":{"start":{"line":58,"column":8},"end":{"line":58,"column":70}},"15":{"start":{"line":59,"column":8},"end":{"line":59,"column":79}},"16":{"start":{"line":60,"column":8},"end":{"line":60,"column":70}},"17":{"start":{"line":61,"column":8},"end":{"line":61,"column":74}},"18":{"start":{"line":65,"column":8},"end":{"line":65,"column":15}},"19":{"start":{"line":69,"column":8},"end":{"line":69,"column":17}},"20":{"start":{"line":73,"column":8},"end":{"line":73,"column":24}},"21":{"start":{"line":77,"column":8},"end":{"line":77,"column":34}},"22":{"start":{"line":81,"column":8},"end":{"line":81,"column":53}},"23":{"start":{"line":82,"column":8},"end":{"line":82,"column":29}},"24":{"start":{"line":90,"column":8},"end":{"line":90,"column":37}},"25":{"start":{"line":99,"column":8},"end":{"line":99,"column":34}}},"branchMap":{"1":{"line":39,"type":"if","locations":[{"start":{"line":39,"column":8},"end":{"line":39,"column":8}},{"start":{"line":39,"column":8},"end":{"line":39,"column":8}}]},"2":{"line":57,"type":"if","locations":[{"start":{"line":57,"column":8},"end":{"line":57,"column":8}},{"start":{"line":57,"column":8},"end":{"line":57,"column":8}}]},"3":{"line":58,"type":"if","locations":[{"start":{"line":58,"column":8},"end":{"line":58,"column":8}},{"start":{"line":58,"column":8},"end":{"line":58,"column":8}}]},"4":{"line":59,"type":"if","locations":[{"start":{"line":59,"column":8},"end":{"line":59,"column":8}},{"start":{"line":59,"column":8},"end":{"line":59,"column":8}}]},"5":{"line":60,"type":"if","locations":[{"start":{"line":60,"column":8},"end":{"line":60,"column":8}},{"start":{"line":60,"column":8},"end":{"line":60,"column":8}}]},"6":{"line":61,"type":"if","locations":[{"start":{"line":61,"column":8},"end":{"line":61,"column":8}},{"start":{"line":61,"column":8},"end":{"line":61,"column":8}}]},"7":{"line":64,"type":"if","locations":[{"start":{"line":64,"column":30},"end":{"line":64,"column":30}},{"start":{"line":64,"column":30},"end":{"line":64,"column":30}}]},"8":{"line":68,"type":"if","locations":[{"start":{"line":68,"column":32},"end":{"line":68,"column":32}},{"start":{"line":68,"column":32},"end":{"line":68,"column":32}}]},"9":{"line":72,"type":"if","locations":[{"start":{"line":72,"column":55},"end":{"line":72,"column":55}},{"start":{"line":72,"column":55},"end":{"line":72,"column":55}}]},"10":{"line":88,"type":"if","locations":[{"start":{"line":88,"column":8},"end":{"line":88,"column":8}},{"start":{"line":88,"column":8},"end":{"line":88,"column":8}}]}}},"src\\IndexFlowTreasury.sol":{"l":{"27":1,"28":1,"29":1,"31":1,"32":1,"33":1,"34":1,"38":2,"39":1,"40":1,"44":1,"48":1,"52":1,"53":1,"54":1,"58":1,"59":1,"60":1,"61":1,"65":1,"66":1,"67":1,"68":1},"path":"C:\\Users\\umutc\\OneDrive\\Belgeler\\IndexFlow\\contracts\\src\\IndexFlowTreasury.sol","s":{"1":1,"2":1,"3":1,"4":1,"5":1,"6":1,"7":2,"8":1,"9":1,"10":1,"11":1,"12":1,"13":1,"14":1,"15":1,"16":1,"17":1,"18":1,"19":1,"20":1,"21":1},"b":{"1":[1,0],"2":[1,0],"3":[1,0],"4":[2,1],"5":[1,1],"6":[1,0],"7":[1,0],"8":[1,1],"9":[1,0],"10":[1,0],"11":[1,0],"12":[1,0],"13":[1,0],"14":[1,0],"15":[1,0],"16":[1,0],"17":[1,0],"18":[1,0],"19":[1,0],"20":[1,0]},"f":{"1":1,"2":2,"3":1,"4":1,"5":1,"6":1,"7":1},"fnMap":{"1":{"name":"constructor","line":26,"loc":{"start":{"line":26,"column":4},"end":{"line":35,"column":4}}},"2":{"name":"setRewardsContract","line":37,"loc":{"start":{"line":37,"column":4},"end":{"line":41,"column":4}}},"3":{"name":"pause","line":43,"loc":{"start":{"line":43,"column":4},"end":{"line":45,"column":4}}},"4":{"name":"unpause","line":47,"loc":{"start":{"line":47,"column":4},"end":{"line":49,"column":4}}},"5":{"name":"deposit","line":51,"loc":{"start":{"line":51,"column":4},"end":{"line":55,"column":4}}},"6":{"name":"withdraw","line":57,"loc":{"start":{"line":57,"column":4},"end":{"line":62,"column":4}}},"7":{"name":"fundRewards","line":64,"loc":{"start":{"line":64,"column":4},"end":{"line":69,"column":4}}}},"statementMap":{"1":{"start":{"line":27,"column":8},"end":{"line":27,"column":64}},"2":{"start":{"line":28,"column":8},"end":{"line":28,"column":52}},"3":{"start":{"line":29,"column":8},"end":{"line":29,"column":58}},"4":{"start":{"line":32,"column":8},"end":{"line":32,"column":50}},"5":{"start":{"line":33,"column":8},"end":{"line":33,"column":45}},"6":{"start":{"line":34,"column":8},"end":{"line":34,"column":46}},"7":{"start":{"line":38,"column":8},"end":{"line":38,"column":63}},"8":{"start":{"line":40,"column":8},"end":{"line":40,"column":69}},"9":{"start":{"line":44,"column":8},"end":{"line":44,"column":15}},"10":{"start":{"line":48,"column":8},"end":{"line":48,"column":17}},"11":{"start":{"line":52,"column":8},"end":{"line":52,"column":40}},"12":{"start":{"line":53,"column":8},"end":{"line":53,"column":66}},"13":{"start":{"line":54,"column":8},"end":{"line":54,"column":49}},"14":{"start":{"line":58,"column":8},"end":{"line":58,"column":56}},"15":{"start":{"line":59,"column":8},"end":{"line":59,"column":40}},"16":{"start":{"line":60,"column":8},"end":{"line":60,"column":44}},"17":{"start":{"line":61,"column":8},"end":{"line":61,"column":65}},"18":{"start":{"line":65,"column":8},"end":{"line":65,"column":61}},"19":{"start":{"line":66,"column":8},"end":{"line":66,"column":40}},"20":{"start":{"line":67,"column":8},"end":{"line":67,"column":50}},"21":{"start":{"line":68,"column":8},"end":{"line":68,"column":48}}},"branchMap":{"1":{"line":27,"type":"if","locations":[{"start":{"line":27,"column":8},"end":{"line":27,"column":8}},{"start":{"line":27,"column":8},"end":{"line":27,"column":8}}]},"2":{"line":28,"type":"if","locations":[{"start":{"line":28,"column":8},"end":{"line":28,"column":8}},{"start":{"line":28,"column":8},"end":{"line":28,"column":8}}]},"3":{"line":29,"type":"if","locations":[{"start":{"line":29,"column":8},"end":{"line":29,"column":8}},{"start":{"line":29,"column":8},"end":{"line":29,"column":8}}]},"4":{"line":37,"type":"if","locations":[{"start":{"line":37,"column":69},"end":{"line":37,"column":69}},{"start":{"line":37,"column":69},"end":{"line":37,"column":69}}]},"5":{"line":38,"type":"if","locations":[{"start":{"line":38,"column":8},"end":{"line":38,"column":8}},{"start":{"line":38,"column":8},"end":{"line":38,"column":8}}]},"6":{"line":43,"type":"if","locations":[{"start":{"line":43,"column":30},"end":{"line":43,"column":30}},{"start":{"line":43,"column":30},"end":{"line":43,"column":30}}]},"7":{"line":47,"type":"if","locations":[{"start":{"line":47,"column":32},"end":{"line":47,"column":32}},{"start":{"line":47,"column":32},"end":{"line":47,"column":32}}]},"8":{"line":51,"type":"if","locations":[{"start":{"line":51,"column":46},"end":{"line":51,"column":46}},{"start":{"line":51,"column":46},"end":{"line":51,"column":46}}]},"9":{"line":51,"type":"if","locations":[{"start":{"line":51,"column":60},"end":{"line":51,"column":60}},{"start":{"line":51,"column":60},"end":{"line":51,"column":60}}]},"10":{"line":52,"type":"if","locations":[{"start":{"line":52,"column":8},"end":{"line":52,"column":8}},{"start":{"line":52,"column":8},"end":{"line":52,"column":8}}]},"11":{"line":57,"type":"if","locations":[{"start":{"line":57,"column":79},"end":{"line":57,"column":79}},{"start":{"line":57,"column":79},"end":{"line":57,"column":79}}]},"12":{"line":57,"type":"if","locations":[{"start":{"line":57,"column":93},"end":{"line":57,"column":93}},{"start":{"line":57,"column":93},"end":{"line":57,"column":93}}]},"13":{"line":57,"type":"if","locations":[{"start":{"line":57,"column":106},"end":{"line":57,"column":106}},{"start":{"line":57,"column":106},"end":{"line":57,"column":106}}]},"14":{"line":58,"type":"if","locations":[{"start":{"line":58,"column":8},"end":{"line":58,"column":8}},{"start":{"line":58,"column":8},"end":{"line":58,"column":8}}]},"15":{"line":59,"type":"if","locations":[{"start":{"line":59,"column":8},"end":{"line":59,"column":8}},{"start":{"line":59,"column":8},"end":{"line":59,"column":8}}]},"16":{"line":64,"type":"if","locations":[{"start":{"line":64,"column":50},"end":{"line":64,"column":50}},{"start":{"line":64,"column":50},"end":{"line":64,"column":50}}]},"17":{"line":64,"type":"if","locations":[{"start":{"line":64,"column":64},"end":{"line":64,"column":64}},{"start":{"line":64,"column":64},"end":{"line":64,"column":64}}]},"18":{"line":64,"type":"if","locations":[{"start":{"line":64,"column":77},"end":{"line":64,"column":77}},{"start":{"line":64,"column":77},"end":{"line":64,"column":77}}]},"19":{"line":65,"type":"if","locations":[{"start":{"line":65,"column":8},"end":{"line":65,"column":8}},{"start":{"line":65,"column":8},"end":{"line":65,"column":8}}]},"20":{"line":66,"type":"if","locations":[{"start":{"line":66,"column":8},"end":{"line":66,"column":8}},{"start":{"line":66,"column":8},"end":{"line":66,"column":8}}]}}},"src\\interfaces\\IIndexFlowStaking.sol":{"l":{},"path":"C:\\Users\\umutc\\OneDrive\\Belgeler\\IndexFlow\\contracts\\src\\interfaces\\IIndexFlowStaking.sol","s":{},"b":{},"f":{},"fnMap":{},"statementMap":{},"branchMap":{}}}